\BOOKMARK [-1][]{ctitle.-1}{\376\377\000T\000C\000P\123\357\227\140\145\160\143\156\117\040\217\223\116\016\155\101\221\317\143\247\122\066}{}% 1
\BOOKMARK [0][]{mulu.0}{\376\377\166\356\000\040\000\040\137\125}{ctitle.-1}% 2
\BOOKMARK [0][]{section*.3}{\376\377\173\054\116\000\172\340\000\040\000\040\116\373\122\241\211\201\154\102}{ctitle.-1}% 3
\BOOKMARK [1][]{section*.4}{\376\377\0001\000.\0001\000\040\123\357\227\140\145\160\143\156\117\040\217\223}{section*.3}% 4
\BOOKMARK [1][]{section*.5}{\376\377\0001\000.\0002\000\040\155\101\221\317\143\247\122\066}{section*.3}% 5
\BOOKMARK [1][]{section*.6}{\376\377\0001\000.\0003\000\040\163\257\130\203\124\214\213\355\212\000}{section*.3}% 6
\BOOKMARK [0][]{section*.8}{\376\377\173\054\116\214\172\340\000\040\000\040\140\073\117\123\213\276\213\241}{ctitle.-1}% 7
\BOOKMARK [1][]{section*.9}{\376\377\0002\000.\0001\000\040\123\357\227\140\145\160\143\156\117\040\217\223\166\370\121\163\213\276\213\241}{section*.8}% 8
\BOOKMARK [1][]{section*.10}{\376\377\0002\000.\0002\000\040\152\041\127\127\122\237\200\375\213\276\213\241}{section*.8}% 9
\BOOKMARK [0][]{section*.12}{\376\377\173\054\116\011\172\340\000\040\000\040\217\336\143\245\136\372\172\313\166\204\213\276\213\241}{ctitle.-1}% 10
\BOOKMARK [1][]{section*.13}{\376\377\0003\000.\0001\000\040\162\266\140\001\147\072\213\276\213\241}{section*.12}% 11
\BOOKMARK [2][]{section*.14}{\376\377\0003\000.\0001\000.\0001\000\040\000C\000l\000i\000e\000n\000t\000\040\172\357\162\266\140\001\147\072\213\276\213\241}{section*.13}% 12
\BOOKMARK [2][]{section*.16}{\376\377\0003\000.\0001\000.\0002\000\040\000S\000e\000r\000v\000e\000r\000\040\172\357\162\266\140\001\147\072\213\276\213\241}{section*.13}% 13
\BOOKMARK [1][]{section*.18}{\376\377\0003\000.\0002\000\040\215\205\145\366\221\315\117\040\147\072\122\066}{section*.12}% 14
\BOOKMARK [1][]{section*.19}{\376\377\0003\000.\0003\000\040\000R\000T\000O\000\040\213\241\173\227\154\325\122\031}{section*.12}% 15
\BOOKMARK [1][]{section*.20}{\376\377\0003\000.\0004\000\040\155\101\221\317\143\247\122\066}{section*.12}% 16
\BOOKMARK [0][]{section*.21}{\376\377\173\054\126\333\172\340\000\040\000\040\123\357\227\140\145\160\143\156\117\040\217\223\166\204\133\236\163\260}{ctitle.-1}% 17
\BOOKMARK [1][]{section*.22}{\376\377\0004\000.\0001\000\040\000C\000l\000i\000e\000n\000t\000\040\172\357}{section*.21}% 18
\BOOKMARK [2][]{section*.23}{\376\377\0004\000.\0001\000.\0001\000\040\000T\000j\000u\000\137\000S\000e\000n\000d\000\040\133\236\163\260}{section*.22}% 19
\BOOKMARK [1][]{section*.24}{\376\377\0004\000.\0002\000\040\000S\000e\000r\000v\000e\000r\000\040\172\357}{section*.21}% 20
\BOOKMARK [2][]{section*.25}{\376\377\0004\000.\0002\000.\0001\000\040\000T\000j\000u\000\137\000R\000e\000c\000v\000\040\133\236\163\260}{section*.24}% 21
\BOOKMARK [1][]{section*.26}{\376\377\0004\000.\0003\000\040\220\032\165\050}{section*.21}% 22
\BOOKMARK [2][]{section*.27}{\376\377\0004\000.\0003\000.\0001\000\040\000S\000o\000c\000k\000e\000t\000\040\145\160\143\156\176\323\147\204}{section*.26}% 23
\BOOKMARK [2][]{section*.28}{\376\377\0004\000.\0003\000.\0002\000\040\215\205\145\366\221\315\117\040\147\072\122\066}{section*.26}% 24
\BOOKMARK [0][]{section*.29}{\376\377\173\054\116\224\172\340\000\040\000\040\217\336\143\245\136\372\172\313\166\204\122\237\200\375\155\113\213\325\116\016\176\323\147\234\122\006\147\220}{ctitle.-1}% 25
\BOOKMARK [1][]{section*.30}{\376\377\0005\000.\0001\000\040\155\113\213\325\163\257\130\203\123\312\145\271\154\325}{section*.29}% 26
\BOOKMARK [1][]{section*.31}{\376\377\0005\000.\0002\000\040\000R\000T\000O\122\250\140\001\214\003\145\164}{section*.29}% 27
\BOOKMARK [1][]{section*.33}{\376\377\0005\000.\0003\000\040\123\357\227\140\145\160\143\156\117\040\217\223}{section*.29}% 28
\BOOKMARK [1][]{section*.35}{\376\377\0005\000.\0004\000\040\155\101\221\317\143\247\122\066}{section*.29}% 29
\BOOKMARK [1][]{section*.36}{\376\377\0005\000.\0005\000\040\000A\000u\000t\000o\000L\000a\000b\000\040\155\113\213\325}{section*.29}% 30
\BOOKMARK [1][]{section*.38}{\376\377\0005\000.\0006\000\040\116\272\124\130\122\006\135\345}{section*.29}% 31
