
即将使用如下网络状态进行数据传输: rate:100Mbps delay:20ms delay-distro:0 loss:0% 

====================================================================
============================开始测试================================
====================================================================
[自动测试] 编译提交源码
> cd /vagrant/tju_tcp && make

[自动测试] 检测到用户提供了自己的测试Makefile, 使用用户的测试Makefile替换自带的版本
> cp /vagrant/tju_tcp/test_Makefile /vagrant/tju_tcp/test/Makefile

[自动测试] 编译测试源码
> cd /vagrant/tju_tcp/test && make

============================ 抓包并绘制SeqNum随Time变化图 ================================
[抓包并绘图] 清理上一次的抓包结果
[抓包并绘图] 开始在服务端抓包
[抓包并绘图] 开启服务端和客户端
[抓包并绘图] 等待6s建立连接
[抓包并绘图] 建立连接后  设置双方的网络通讯速率 丢包率 和延迟: sudo tcset enp0s8 --rate 100Mbps --delay 20ms --delay-distro 0 --loss 0% --overwrite
[抓包并绘图] 等待60s 进行双方通信
[抓包并绘图] 停止抓包
[抓包并绘图] 关闭双端
[抓包并绘图] 取消网络设置
[ test ] cp ./server.event.trace to upper file
[ test ] cp server.pcap to here
